<?xml version="1.0" encoding="UTF-8"?>
<!-- Generated by org.testng.reporters.JUnitReportReporter -->
<testsuite hostname="DI2INPUN0526WNB" failures="0" tests="3" name="DynamicJson" time="1.297" errors="0" timestamp="27 May 2024 13:05:00 GMT" skipped="0">
  <testcase classname="DynamicJson" name="addBook" time="0.124"/>
  <testcase classname="DynamicJson" name="addBook" time="0.196"/>
  <testcase classname="DynamicJson" name="addBook" time="0.977"/>
</testsuite> <!-- DynamicJson -->
